#! /c/Source/iverilog-install/bin/vvp
:ivl_version "12.0 (devel)" "(s20150603-1539-g2693dd32b)";
:ivl_delay_selection "TYPICAL";
:vpi_time_precision - 9;
:vpi_module "C:\iverilog\lib\ivl\system.vpi";
:vpi_module "C:\iverilog\lib\ivl\vhdl_sys.vpi";
:vpi_module "C:\iverilog\lib\ivl\vhdl_textio.vpi";
:vpi_module "C:\iverilog\lib\ivl\v2005_math.vpi";
:vpi_module "C:\iverilog\lib\ivl\va_math.vpi";
S_000002500ccbb150 .scope module, "D_FlipFlop_tb" "D_FlipFlop_tb" 2 4;
 .timescale -9 -9;
v000002500ce45d60_0 .var "A", 0 0;
v000002500ce45e00_0 .var "B", 0 0;
v000002500ce43b30_0 .net "Q", 0 0, v000002500ccb6d40_0;  1 drivers
v000002500ce43bd0_0 .var "clock", 0 0;
S_000002500ce45a90 .scope module, "uut" "D_FlipFlop" 2 9, 3 1 0, S_000002500ccbb150;
 .timescale -9 -9;
    .port_info 0 /INPUT 1 "A";
    .port_info 1 /INPUT 1 "B";
    .port_info 2 /INPUT 1 "clock";
    .port_info 3 /OUTPUT 1 "Q";
v000002500ccbb2e0_0 .net "A", 0 0, v000002500ce45d60_0;  1 drivers
v000002500ccb71e0_0 .net "B", 0 0, v000002500ce45e00_0;  1 drivers
v000002500ccb6d40_0 .var "Q", 0 0;
v000002500ce45c20_0 .net "clock", 0 0, v000002500ce43bd0_0;  1 drivers
v000002500ce45cc0_0 .var "internal", 0 0;
E_000002500ce34c60 .event posedge, v000002500ce45cc0_0;
E_000002500ce34fa0 .event posedge, v000002500ce45c20_0;
    .scope S_000002500ce45a90;
T_0 ;
    %wait E_000002500ce34fa0;
    %load/vec4 v000002500ccbb2e0_0;
    %assign/vec4 v000002500ce45cc0_0, 0;
    %jmp T_0;
    .thread T_0;
    .scope S_000002500ce45a90;
T_1 ;
    %wait E_000002500ce34c60;
    %load/vec4 v000002500ccb71e0_0;
    %assign/vec4 v000002500ccb6d40_0, 0;
    %jmp T_1;
    .thread T_1;
    .scope S_000002500ccbb150;
T_2 ;
    %delay 5, 0;
    %load/vec4 v000002500ce43bd0_0;
    %inv;
    %store/vec4 v000002500ce43bd0_0, 0, 1;
    %jmp T_2;
    .thread T_2;
    .scope S_000002500ccbb150;
T_3 ;
    %vpi_call 2 18 "$dumpfile", "D_FlipFlop_tb.vcd" {0 0 0};
    %vpi_call 2 19 "$dumpvars", 32'sb00000000000000000000000000000000, S_000002500ccbb150 {0 0 0};
    %vpi_call 2 21 "$display", "Clock\011A\011B\011Q" {0 0 0};
    %vpi_call 2 22 "$monitor", "%b\011%b\011%b\011%b", v000002500ce43bd0_0, v000002500ce45d60_0, v000002500ce45e00_0, v000002500ce43b30_0 {0 0 0};
    %pushi/vec4 0, 0, 1;
    %store/vec4 v000002500ce43bd0_0, 0, 1;
    %pushi/vec4 0, 0, 1;
    %store/vec4 v000002500ce45d60_0, 0, 1;
    %pushi/vec4 0, 0, 1;
    %store/vec4 v000002500ce45e00_0, 0, 1;
    %delay 10, 0;
    %pushi/vec4 1, 0, 1;
    %store/vec4 v000002500ce45d60_0, 0, 1;
    %pushi/vec4 0, 0, 1;
    %store/vec4 v000002500ce45e00_0, 0, 1;
    %delay 10, 0;
    %pushi/vec4 0, 0, 1;
    %store/vec4 v000002500ce45d60_0, 0, 1;
    %pushi/vec4 1, 0, 1;
    %store/vec4 v000002500ce45e00_0, 0, 1;
    %delay 10, 0;
    %pushi/vec4 1, 0, 1;
    %store/vec4 v000002500ce45d60_0, 0, 1;
    %pushi/vec4 1, 0, 1;
    %store/vec4 v000002500ce45e00_0, 0, 1;
    %delay 10, 0;
    %vpi_call 2 38 "$display", "Test complete" {0 0 0};
    %vpi_call 2 39 "$finish" {0 0 0};
    %end;
    .thread T_3;
# The file index is used to find the file name in the following table.
:file_names 4;
    "N/A";
    "<interactive>";
    "D_FlipFlop_tb.v";
    "./D_FlipFlop.v";
