#! /c/Source/iverilog-install/bin/vvp
:ivl_version "12.0 (devel)" "(s20150603-1539-g2693dd32b)";
:ivl_delay_selection "TYPICAL";
:vpi_time_precision + 0;
:vpi_module "C:\iverilog\lib\ivl\system.vpi";
:vpi_module "C:\iverilog\lib\ivl\vhdl_sys.vpi";
:vpi_module "C:\iverilog\lib\ivl\vhdl_textio.vpi";
:vpi_module "C:\iverilog\lib\ivl\v2005_math.vpi";
:vpi_module "C:\iverilog\lib\ivl\va_math.vpi";
S_00000211b0816400 .scope module, "Division_tb" "Division_tb" 2 3;
 .timescale 0 0;
v00000211b08167c0_0 .var "Dividend", 3 0;
v00000211b0804290_0 .var "Divisor", 3 0;
v00000211b0804330_0 .net "Quotient", 3 0, v00000211b07ca470_0;  1 drivers
v00000211b08043d0_0 .net "Remainder", 3 0, v00000211b0816720_0;  1 drivers
S_00000211b0816590 .scope module, "uut" "Division" 2 8, 3 1 0, S_00000211b0816400;
 .timescale 0 0;
    .port_info 0 /INPUT 4 "Dividend";
    .port_info 1 /INPUT 4 "Divisor";
    .port_info 2 /OUTPUT 4 "Quotient";
    .port_info 3 /OUTPUT 4 "Remainder";
v00000211b07c7130_0 .net "Dividend", 3 0, v00000211b08167c0_0;  1 drivers
v00000211b07c6d20_0 .net "Divisor", 3 0, v00000211b0804290_0;  1 drivers
v00000211b07ca470_0 .var "Quotient", 3 0;
v00000211b0816720_0 .var "Remainder", 3 0;
E_00000211b07c8ba0 .event anyedge, v00000211b07c6d20_0, v00000211b07c7130_0;
    .scope S_00000211b0816590;
T_0 ;
    %wait E_00000211b07c8ba0;
    %load/vec4 v00000211b07c6d20_0;
    %pad/u 32;
    %cmpi/ne 0, 0, 32;
    %jmp/0xz  T_0.0, 4;
    %load/vec4 v00000211b07c7130_0;
    %load/vec4 v00000211b07c6d20_0;
    %div;
    %store/vec4 v00000211b07ca470_0, 0, 4;
    %load/vec4 v00000211b07c7130_0;
    %load/vec4 v00000211b07c6d20_0;
    %mod;
    %store/vec4 v00000211b0816720_0, 0, 4;
    %jmp T_0.1;
T_0.0 ;
    %pushi/vec4 0, 0, 4;
    %store/vec4 v00000211b07ca470_0, 0, 4;
    %pushi/vec4 0, 0, 4;
    %store/vec4 v00000211b0816720_0, 0, 4;
T_0.1 ;
    %jmp T_0;
    .thread T_0, $push;
    .scope S_00000211b0816400;
T_1 ;
    %vpi_call 2 16 "$dumpfile", "Division_tb.vcd" {0 0 0};
    %vpi_call 2 17 "$dumpvars", 32'sb00000000000000000000000000000000, S_00000211b0816400 {0 0 0};
    %vpi_call 2 19 "$display", "Time\011Dividend\011Divisor\011Quotient\011Remainder" {0 0 0};
    %vpi_call 2 20 "$monitor", "%g\011%b\011\011%b\011%b\011\011%b", $time, v00000211b08167c0_0, v00000211b0804290_0, v00000211b0804330_0, v00000211b08043d0_0 {0 0 0};
    %pushi/vec4 8, 0, 4;
    %store/vec4 v00000211b08167c0_0, 0, 4;
    %pushi/vec4 2, 0, 4;
    %store/vec4 v00000211b0804290_0, 0, 4;
    %delay 10, 0;
    %pushi/vec4 7, 0, 4;
    %store/vec4 v00000211b08167c0_0, 0, 4;
    %pushi/vec4 3, 0, 4;
    %store/vec4 v00000211b0804290_0, 0, 4;
    %delay 10, 0;
    %pushi/vec4 15, 0, 4;
    %store/vec4 v00000211b08167c0_0, 0, 4;
    %pushi/vec4 4, 0, 4;
    %store/vec4 v00000211b0804290_0, 0, 4;
    %delay 10, 0;
    %pushi/vec4 9, 0, 4;
    %store/vec4 v00000211b08167c0_0, 0, 4;
    %pushi/vec4 3, 0, 4;
    %store/vec4 v00000211b0804290_0, 0, 4;
    %delay 10, 0;
    %pushi/vec4 6, 0, 4;
    %store/vec4 v00000211b08167c0_0, 0, 4;
    %pushi/vec4 0, 0, 4;
    %store/vec4 v00000211b0804290_0, 0, 4;
    %delay 10, 0;
    %vpi_call 2 33 "$display", "Test complete" {0 0 0};
    %vpi_call 2 34 "$finish" {0 0 0};
    %end;
    .thread T_1;
# The file index is used to find the file name in the following table.
:file_names 4;
    "N/A";
    "<interactive>";
    "Division_tb.v";
    "./Division.v";
