#! /c/Source/iverilog-install/bin/vvp
:ivl_version "12.0 (devel)" "(s20150603-1539-g2693dd32b)";
:ivl_delay_selection "TYPICAL";
:vpi_time_precision - 9;
:vpi_module "C:\iverilog\lib\ivl\system.vpi";
:vpi_module "C:\iverilog\lib\ivl\vhdl_sys.vpi";
:vpi_module "C:\iverilog\lib\ivl\vhdl_textio.vpi";
:vpi_module "C:\iverilog\lib\ivl\v2005_math.vpi";
:vpi_module "C:\iverilog\lib\ivl\va_math.vpi";
S_0000012cf0b853b0 .scope module, "and_gate_tb" "and_gate_tb" 2 4;
 .timescale -9 -9;
v0000012cf0b371e0_0 .var "A", 0 0;
v0000012cf0b856d0_0 .var "B", 0 0;
v0000012cf0b85770_0 .net "Y", 0 0, L_0000012cf0b84420;  1 drivers
S_0000012cf0b85540 .scope module, "uut" "and_gate" 2 9, 3 1 0, S_0000012cf0b853b0;
 .timescale -9 -9;
    .port_info 0 /INPUT 1 "A";
    .port_info 1 /INPUT 1 "B";
    .port_info 2 /OUTPUT 1 "Y";
L_0000012cf0b84420 .functor AND 1, v0000012cf0b371e0_0, v0000012cf0b856d0_0, C4<1>, C4<1>;
v0000012cf0b3ae70_0 .net "A", 0 0, v0000012cf0b371e0_0;  1 drivers
v0000012cf0b36fc0_0 .net "B", 0 0, v0000012cf0b856d0_0;  1 drivers
v0000012cf0b36d40_0 .net "Y", 0 0, L_0000012cf0b84420;  alias, 1 drivers
    .scope S_0000012cf0b853b0;
T_0 ;
    %vpi_call 2 16 "$dumpfile", "and_gate_tb.vcd" {0 0 0};
    %vpi_call 2 17 "$dumpvars", 32'sb00000000000000000000000000000000, S_0000012cf0b853b0 {0 0 0};
    %vpi_call 2 19 "$display", "Time\011A\011B\011Y" {0 0 0};
    %vpi_call 2 20 "$monitor", "%g\011%b\011%b\011%b", $time, v0000012cf0b371e0_0, v0000012cf0b856d0_0, v0000012cf0b85770_0 {0 0 0};
    %pushi/vec4 0, 0, 1;
    %store/vec4 v0000012cf0b371e0_0, 0, 1;
    %pushi/vec4 0, 0, 1;
    %store/vec4 v0000012cf0b856d0_0, 0, 1;
    %delay 20, 0;
    %pushi/vec4 0, 0, 1;
    %store/vec4 v0000012cf0b371e0_0, 0, 1;
    %pushi/vec4 1, 0, 1;
    %store/vec4 v0000012cf0b856d0_0, 0, 1;
    %delay 20, 0;
    %pushi/vec4 1, 0, 1;
    %store/vec4 v0000012cf0b371e0_0, 0, 1;
    %pushi/vec4 0, 0, 1;
    %store/vec4 v0000012cf0b856d0_0, 0, 1;
    %delay 20, 0;
    %pushi/vec4 1, 0, 1;
    %store/vec4 v0000012cf0b371e0_0, 0, 1;
    %pushi/vec4 1, 0, 1;
    %store/vec4 v0000012cf0b856d0_0, 0, 1;
    %delay 20, 0;
    %vpi_call 2 38 "$display", "Test complete" {0 0 0};
    %vpi_call 2 39 "$finish" {0 0 0};
    %end;
    .thread T_0;
# The file index is used to find the file name in the following table.
:file_names 4;
    "N/A";
    "<interactive>";
    "and_gate_tb.v";
    "./and.v";
