#! /c/Source/iverilog-install/bin/vvp
:ivl_version "12.0 (devel)" "(s20150603-1539-g2693dd32b)";
:ivl_delay_selection "TYPICAL";
:vpi_time_precision - 9;
:vpi_module "C:\iverilog\lib\ivl\system.vpi";
:vpi_module "C:\iverilog\lib\ivl\vhdl_sys.vpi";
:vpi_module "C:\iverilog\lib\ivl\vhdl_textio.vpi";
:vpi_module "C:\iverilog\lib\ivl\v2005_math.vpi";
:vpi_module "C:\iverilog\lib\ivl\va_math.vpi";
S_000001e458a0b980 .scope module, "half_adder_tb" "half_adder_tb" 2 4;
 .timescale -9 -9;
v000001e458a06940_0 .var "A", 0 0;
v000001e458a069e0_0 .var "B", 0 0;
v000001e458a06a80_0 .net "Cout", 0 0, L_000001e458a94420;  1 drivers
v000001e458a06b20_0 .net "Sum", 0 0, L_000001e458a95ae0;  1 drivers
S_000001e458a0bce0 .scope module, "uut" "full_adder" 2 10, 3 1 0, S_000001e458a0b980;
 .timescale -9 -9;
    .port_info 0 /INPUT 1 "A";
    .port_info 1 /INPUT 1 "B";
    .port_info 2 /OUTPUT 1 "Sum";
    .port_info 3 /OUTPUT 1 "Cout";
L_000001e458a95ae0 .functor XOR 1, v000001e458a06940_0, v000001e458a069e0_0, C4<0>, C4<0>;
L_000001e458a94420 .functor AND 1, v000001e458a06940_0, v000001e458a069e0_0, C4<1>, C4<1>;
v000001e458a06fc0_0 .net "A", 0 0, v000001e458a06940_0;  1 drivers
v000001e458a071e0_0 .net "B", 0 0, v000001e458a069e0_0;  1 drivers
v000001e458a0be70_0 .net "Cout", 0 0, L_000001e458a94420;  alias, 1 drivers
v000001e458a0bf10_0 .net "Sum", 0 0, L_000001e458a95ae0;  alias, 1 drivers
    .scope S_000001e458a0b980;
T_0 ;
    %vpi_call 2 19 "$dumpfile", "half_adder_tb.vcd" {0 0 0};
    %vpi_call 2 20 "$dumpvars", 32'sb00000000000000000000000000000000, S_000001e458a0b980 {0 0 0};
    %vpi_call 2 22 "$display", "Time\011A\011B\011Sum\011Cout" {0 0 0};
    %vpi_call 2 23 "$monitor", "%g\011%b\011%b\011%b\011%b", $time, v000001e458a06940_0, v000001e458a069e0_0, v000001e458a06b20_0, v000001e458a06a80_0 {0 0 0};
    %pushi/vec4 0, 0, 1;
    %store/vec4 v000001e458a06940_0, 0, 1;
    %pushi/vec4 0, 0, 1;
    %store/vec4 v000001e458a069e0_0, 0, 1;
    %delay 20, 0;
    %pushi/vec4 0, 0, 1;
    %store/vec4 v000001e458a06940_0, 0, 1;
    %pushi/vec4 1, 0, 1;
    %store/vec4 v000001e458a069e0_0, 0, 1;
    %delay 20, 0;
    %pushi/vec4 1, 0, 1;
    %store/vec4 v000001e458a06940_0, 0, 1;
    %pushi/vec4 0, 0, 1;
    %store/vec4 v000001e458a069e0_0, 0, 1;
    %delay 20, 0;
    %pushi/vec4 1, 0, 1;
    %store/vec4 v000001e458a06940_0, 0, 1;
    %pushi/vec4 1, 0, 1;
    %store/vec4 v000001e458a069e0_0, 0, 1;
    %delay 20, 0;
    %vpi_call 2 41 "$display", "Test complete" {0 0 0};
    %vpi_call 2 42 "$finish" {0 0 0};
    %end;
    .thread T_0;
# The file index is used to find the file name in the following table.
:file_names 4;
    "N/A";
    "<interactive>";
    "half_adder_tb.v";
    "./half_adder.v";
