#! /c/Source/iverilog-install/bin/vvp
:ivl_version "12.0 (devel)" "(s20150603-1539-g2693dd32b)";
:ivl_delay_selection "TYPICAL";
:vpi_time_precision + 0;
:vpi_module "C:\iverilog\lib\ivl\system.vpi";
:vpi_module "C:\iverilog\lib\ivl\vhdl_sys.vpi";
:vpi_module "C:\iverilog\lib\ivl\vhdl_textio.vpi";
:vpi_module "C:\iverilog\lib\ivl\v2005_math.vpi";
:vpi_module "C:\iverilog\lib\ivl\va_math.vpi";
S_0000020b0aba5800 .scope module, "multiplication_tb" "multiplication_tb" 2 3;
 .timescale 0 0;
v0000020b0aba5b20_0 .var "A", 3 0;
v0000020b0aba5bc0_0 .var "B", 3 0;
v0000020b0aba3310_0 .net "Product", 7 0, v0000020b0ab18a70_0;  1 drivers
S_0000020b0aba5990 .scope module, "uut" "multiplication" 2 9, 3 1 0, S_0000020b0aba5800;
 .timescale 0 0;
    .port_info 0 /INPUT 4 "A";
    .port_info 1 /INPUT 4 "B";
    .port_info 2 /OUTPUT 8 "Product";
v0000020b0ab17110_0 .net "A", 3 0, v0000020b0aba5b20_0;  1 drivers
v0000020b0ab16d20_0 .net "B", 3 0, v0000020b0aba5bc0_0;  1 drivers
v0000020b0ab18a70_0 .var "Product", 7 0;
E_0000020b0ab1a4b0 .event anyedge, v0000020b0ab17110_0, v0000020b0ab16d20_0;
    .scope S_0000020b0aba5990;
T_0 ;
    %wait E_0000020b0ab1a4b0;
    %load/vec4 v0000020b0ab17110_0;
    %pad/u 8;
    %load/vec4 v0000020b0ab16d20_0;
    %pad/u 8;
    %mul;
    %store/vec4 v0000020b0ab18a70_0, 0, 8;
    %jmp T_0;
    .thread T_0, $push;
    .scope S_0000020b0aba5800;
T_1 ;
    %vpi_call 2 16 "$dumpfile", "multiplication_tb.vcd" {0 0 0};
    %vpi_call 2 17 "$dumpvars", 32'sb00000000000000000000000000000000, S_0000020b0aba5800 {0 0 0};
    %vpi_call 2 19 "$display", "Time\011A\011B\011Product" {0 0 0};
    %vpi_call 2 20 "$monitor", "%g\011%b\011%b\011%b", $time, v0000020b0aba5b20_0, v0000020b0aba5bc0_0, v0000020b0aba3310_0 {0 0 0};
    %pushi/vec4 3, 0, 4;
    %store/vec4 v0000020b0aba5b20_0, 0, 4;
    %pushi/vec4 2, 0, 4;
    %store/vec4 v0000020b0aba5bc0_0, 0, 4;
    %delay 10, 0;
    %pushi/vec4 5, 0, 4;
    %store/vec4 v0000020b0aba5b20_0, 0, 4;
    %pushi/vec4 3, 0, 4;
    %store/vec4 v0000020b0aba5bc0_0, 0, 4;
    %delay 10, 0;
    %pushi/vec4 15, 0, 4;
    %store/vec4 v0000020b0aba5b20_0, 0, 4;
    %pushi/vec4 1, 0, 4;
    %store/vec4 v0000020b0aba5bc0_0, 0, 4;
    %delay 10, 0;
    %pushi/vec4 9, 0, 4;
    %store/vec4 v0000020b0aba5b20_0, 0, 4;
    %pushi/vec4 2, 0, 4;
    %store/vec4 v0000020b0aba5bc0_0, 0, 4;
    %delay 10, 0;
    %pushi/vec4 6, 0, 4;
    %store/vec4 v0000020b0aba5b20_0, 0, 4;
    %pushi/vec4 6, 0, 4;
    %store/vec4 v0000020b0aba5bc0_0, 0, 4;
    %delay 10, 0;
    %vpi_call 2 34 "$display", "Test complete" {0 0 0};
    %vpi_call 2 35 "$finish" {0 0 0};
    %end;
    .thread T_1;
# The file index is used to find the file name in the following table.
:file_names 4;
    "N/A";
    "<interactive>";
    "Multiplication_tb.v";
    "./multiplication.v";
