#! /c/Source/iverilog-install/bin/vvp
:ivl_version "12.0 (devel)" "(s20150603-1539-g2693dd32b)";
:ivl_delay_selection "TYPICAL";
:vpi_time_precision - 9;
:vpi_module "C:\iverilog\lib\ivl\system.vpi";
:vpi_module "C:\iverilog\lib\ivl\vhdl_sys.vpi";
:vpi_module "C:\iverilog\lib\ivl\vhdl_textio.vpi";
:vpi_module "C:\iverilog\lib\ivl\v2005_math.vpi";
:vpi_module "C:\iverilog\lib\ivl\va_math.vpi";
S_00000214b4bfb0d0 .scope module, "full_adder_tb" "full_adder_tb" 2 4;
 .timescale -9 -9;
v00000214b4bfbce0_0 .var "A", 0 0;
v00000214b4bfbd80_0 .var "B", 0 0;
v00000214b4bfbe20_0 .var "Cin", 0 0;
v00000214b4bfbec0_0 .net "Cout", 0 0, L_00000214b4bfa160;  1 drivers
v00000214b4c43580_0 .net "Sum", 0 0, L_00000214b4bfa320;  1 drivers
S_00000214b4c466d0 .scope module, "uut" "full_adder" 2 10, 3 1 0, S_00000214b4bfb0d0;
 .timescale -9 -9;
    .port_info 0 /INPUT 1 "A";
    .port_info 1 /INPUT 1 "B";
    .port_info 2 /INPUT 1 "Cin";
    .port_info 3 /OUTPUT 1 "Sum";
    .port_info 4 /OUTPUT 1 "Cout";
L_00000214b4bf9d00 .functor XOR 1, v00000214b4bfbce0_0, v00000214b4bfbd80_0, C4<0>, C4<0>;
L_00000214b4bfa0f0 .functor AND 1, v00000214b4bfbce0_0, v00000214b4bfbd80_0, C4<1>, C4<1>;
L_00000214b4bfa320 .functor XOR 1, L_00000214b4bf9d00, v00000214b4bfbe20_0, C4<0>, C4<0>;
L_00000214b4bfa2b0 .functor AND 1, L_00000214b4bf9d00, v00000214b4bfbe20_0, C4<1>, C4<1>;
L_00000214b4bfa160 .functor OR 1, L_00000214b4bfa0f0, L_00000214b4bfa2b0, C4<0>, C4<0>;
v00000214b4bf6fc0_0 .net "A", 0 0, v00000214b4bfbce0_0;  1 drivers
v00000214b4bf6d40_0 .net "AandB", 0 0, L_00000214b4bfa0f0;  1 drivers
v00000214b4bf71e0_0 .net "AxorB", 0 0, L_00000214b4bf9d00;  1 drivers
v00000214b4c46860_0 .net "AxorBandCin", 0 0, L_00000214b4bfa2b0;  1 drivers
v00000214b4c46900_0 .net "B", 0 0, v00000214b4bfbd80_0;  1 drivers
v00000214b4c469a0_0 .net "Cin", 0 0, v00000214b4bfbe20_0;  1 drivers
v00000214b4c46a40_0 .net "Cout", 0 0, L_00000214b4bfa160;  alias, 1 drivers
v00000214b4bfbc40_0 .net "Sum", 0 0, L_00000214b4bfa320;  alias, 1 drivers
    .scope S_00000214b4bfb0d0;
T_0 ;
    %vpi_call 2 20 "$dumpfile", "full_adder_tb.vcd" {0 0 0};
    %vpi_call 2 21 "$dumpvars", 32'sb00000000000000000000000000000000, S_00000214b4bfb0d0 {0 0 0};
    %vpi_call 2 23 "$display", "Time\011A\011B\011Cin\011Sum\011Cout" {0 0 0};
    %vpi_call 2 24 "$monitor", "%g\011%b\011%b\011%b\011%b\011%b", $time, v00000214b4bfbce0_0, v00000214b4bfbd80_0, v00000214b4bfbe20_0, v00000214b4c43580_0, v00000214b4bfbec0_0 {0 0 0};
    %pushi/vec4 0, 0, 1;
    %store/vec4 v00000214b4bfbce0_0, 0, 1;
    %pushi/vec4 0, 0, 1;
    %store/vec4 v00000214b4bfbd80_0, 0, 1;
    %pushi/vec4 0, 0, 1;
    %store/vec4 v00000214b4bfbe20_0, 0, 1;
    %delay 20, 0;
    %pushi/vec4 0, 0, 1;
    %store/vec4 v00000214b4bfbce0_0, 0, 1;
    %pushi/vec4 0, 0, 1;
    %store/vec4 v00000214b4bfbd80_0, 0, 1;
    %pushi/vec4 1, 0, 1;
    %store/vec4 v00000214b4bfbe20_0, 0, 1;
    %delay 20, 0;
    %pushi/vec4 0, 0, 1;
    %store/vec4 v00000214b4bfbce0_0, 0, 1;
    %pushi/vec4 1, 0, 1;
    %store/vec4 v00000214b4bfbd80_0, 0, 1;
    %pushi/vec4 0, 0, 1;
    %store/vec4 v00000214b4bfbe20_0, 0, 1;
    %delay 20, 0;
    %pushi/vec4 0, 0, 1;
    %store/vec4 v00000214b4bfbce0_0, 0, 1;
    %pushi/vec4 1, 0, 1;
    %store/vec4 v00000214b4bfbd80_0, 0, 1;
    %pushi/vec4 1, 0, 1;
    %store/vec4 v00000214b4bfbe20_0, 0, 1;
    %delay 20, 0;
    %pushi/vec4 1, 0, 1;
    %store/vec4 v00000214b4bfbce0_0, 0, 1;
    %pushi/vec4 0, 0, 1;
    %store/vec4 v00000214b4bfbd80_0, 0, 1;
    %pushi/vec4 0, 0, 1;
    %store/vec4 v00000214b4bfbe20_0, 0, 1;
    %delay 20, 0;
    %pushi/vec4 1, 0, 1;
    %store/vec4 v00000214b4bfbce0_0, 0, 1;
    %pushi/vec4 0, 0, 1;
    %store/vec4 v00000214b4bfbd80_0, 0, 1;
    %pushi/vec4 1, 0, 1;
    %store/vec4 v00000214b4bfbe20_0, 0, 1;
    %delay 20, 0;
    %pushi/vec4 1, 0, 1;
    %store/vec4 v00000214b4bfbce0_0, 0, 1;
    %pushi/vec4 1, 0, 1;
    %store/vec4 v00000214b4bfbd80_0, 0, 1;
    %pushi/vec4 0, 0, 1;
    %store/vec4 v00000214b4bfbe20_0, 0, 1;
    %delay 20, 0;
    %pushi/vec4 1, 0, 1;
    %store/vec4 v00000214b4bfbce0_0, 0, 1;
    %pushi/vec4 1, 0, 1;
    %store/vec4 v00000214b4bfbd80_0, 0, 1;
    %pushi/vec4 1, 0, 1;
    %store/vec4 v00000214b4bfbe20_0, 0, 1;
    %delay 20, 0;
    %vpi_call 2 66 "$display", "Test complete" {0 0 0};
    %vpi_call 2 67 "$finish" {0 0 0};
    %end;
    .thread T_0;
# The file index is used to find the file name in the following table.
:file_names 4;
    "N/A";
    "<interactive>";
    "full_adder_tb.v";
    "./full_adder.v";
